
> @fuel-ts/wordlists@0.69.1 build /Users/sarah/Documents/GitHub/docs-hub/docs/fuels-ts/packages/wordlists
> tsup

CLI Building entry: {"index":"src/index.ts"}
CLI Using tsconfig: tsconfig.json
CLI tsup v6.7.0
CLI Using tsup config: /Users/sarah/Documents/GitHub/docs-hub/docs/fuels-ts/packages/wordlists/tsup.config.ts
CLI Target: es2022
CLI Cleaning output folder
CJS Build start
ESM Build start
IIFE Build start
IIFE dist/index.global.js     27.07 KB
IIFE dist/index.global.js.map 45.16 KB
IIFE ⚡️ Build success in 17ms
ESM dist/index.mjs     23.05 KB
ESM dist/index.mjs.map 45.15 KB
ESM ⚡️ Build success in 17ms
CJS dist/index.js     24.07 KB
CJS dist/index.js.map 45.20 KB
CJS ⚡️ Build success in 17ms

> @fuel-ts/wordlists@0.69.1 postbuild /Users/sarah/Documents/GitHub/docs-hub/docs/fuels-ts/packages/wordlists
> tsx ../../scripts/postbuild.ts

