
> @fuel-ts/providers@0.69.1 prebuild /Users/sarah/Documents/GitHub/fuels-ts/packages/providers
> pnpm build:operations


> @fuel-ts/providers@0.69.1 build:operations /Users/sarah/Documents/GitHub/fuels-ts/packages/providers
> pnpm graphql-codegen

[STARTED] Parse Configuration
[SUCCESS] Parse Configuration
[STARTED] Generate outputs
[STARTED] Generate to ./src/__generated__/operations.ts
[STARTED] Load GraphQL schemas
[SUCCESS] Load GraphQL schemas
[STARTED] Load GraphQL documents
[SUCCESS] Load GraphQL documents
[STARTED] Generate
[SUCCESS] Generate
[SUCCESS] Generate to ./src/__generated__/operations.ts
[SUCCESS] Generate outputs

> @fuel-ts/providers@0.69.1 build /Users/sarah/Documents/GitHub/fuels-ts/packages/providers
> tsup

CLI Building entry: {"index":"src/index.ts"}
CLI Using tsconfig: tsconfig.json
CLI tsup v6.7.0
CLI Using tsup config: /Users/sarah/Documents/GitHub/fuels-ts/packages/providers/tsup.config.ts
CLI Target: es2022
CLI Cleaning output folder
CJS Build start
ESM Build start
IIFE Build start
CJS dist/index.js     142.71 KB
CJS dist/index.js.map 321.77 KB
CJS ⚡️ Build success in 101ms
ESM dist/index.mjs     129.51 KB
ESM dist/index.mjs.map 322.13 KB
ESM ⚡️ Build success in 104ms
IIFE dist/index.global.js     1.48 MB
IIFE dist/index.global.js.map 2.86 MB
IIFE ⚡️ Build success in 196ms

> @fuel-ts/providers@0.69.1 postbuild /Users/sarah/Documents/GitHub/fuels-ts/packages/providers
> tsx ../../scripts/postbuild.ts

