
> @fuel-ts/merkle@0.69.1 build /Users/sarah/Documents/GitHub/fuels-ts/packages/merkle
> tsup

CLI Building entry: {"index":"src/index.ts"}
CLI Using tsconfig: tsconfig.json
CLI tsup v6.7.0
CLI Using tsup config: /Users/sarah/Documents/GitHub/fuels-ts/packages/merkle/tsup.config.ts
CLI Target: es2022
CLI Cleaning output folder
CJS Build start
ESM Build start
IIFE Build start
ESM dist/index.mjs     11.49 KB
ESM dist/index.mjs.map 28.59 KB
ESM ⚡️ Build success in 29ms
CJS dist/index.js     12.67 KB
CJS dist/index.js.map 28.73 KB
CJS ⚡️ Build success in 49ms
IIFE dist/index.global.js     18.70 KB
IIFE dist/index.global.js.map 64.86 KB
IIFE ⚡️ Build success in 67ms

> @fuel-ts/merkle@0.69.1 postbuild /Users/sarah/Documents/GitHub/fuels-ts/packages/merkle
> tsx ../../scripts/postbuild.ts

