
> @fuel-ts/script@0.69.1 build /Users/sarah/Documents/GitHub/fuels-ts/packages/script
> tsup

CLI Building entry: {"index":"src/index.ts"}
CLI Using tsconfig: tsconfig.json
CLI tsup v6.7.0
CLI Using tsup config: /Users/sarah/Documents/GitHub/fuels-ts/packages/script/tsup.config.ts
CLI Target: es2022
CLI Cleaning output folder
CJS Build start
ESM Build start
IIFE Build start
CJS dist/index.js     5.15 KB
CJS dist/index.js.map 7.66 KB
CJS ⚡️ Build success in 16ms
ESM dist/index.mjs     3.98 KB
ESM dist/index.mjs.map 7.58 KB
ESM ⚡️ Build success in 17ms
IIFE dist/index.global.js     1.78 MB
IIFE dist/index.global.js.map 3.31 MB
IIFE ⚡️ Build success in 205ms

> @fuel-ts/script@0.69.1 postbuild /Users/sarah/Documents/GitHub/fuels-ts/packages/script
> tsx ../../scripts/postbuild.ts

