
> @fuel-ts/errors@0.69.1 build /Users/sarah/Documents/GitHub/docs-hub/docs/fuels-ts/packages/errors
> tsup

CLI Building entry: {"index":"src/index.ts","test-utils":"src/test-utils.ts"}
CLI Using tsconfig: tsconfig.json
CLI tsup v6.7.0
CLI Using tsup config: /Users/sarah/Documents/GitHub/docs-hub/docs/fuels-ts/packages/errors/tsup.config.ts
CLI Target: es2022
CLI Cleaning output folder
CJS Build start
ESM Build start
IIFE Build start
ESM dist/index.mjs          5.33 KB
ESM dist/test-utils.mjs     5.16 KB
ESM dist/test-utils.mjs.map 7.34 KB
ESM dist/index.mjs.map      6.70 KB
ESM ⚡️ Build success in 13ms
CJS dist/index.js          6.33 KB
CJS dist/test-utils.js     6.23 KB
CJS dist/index.js.map      6.85 KB
CJS dist/test-utils.js.map 7.51 KB
CJS ⚡️ Build success in 13ms
IIFE dist/test-utils.global.js     5.35 KB
IIFE dist/index.global.js          88.39 KB
IIFE dist/test-utils.global.js.map 7.35 KB
IIFE dist/index.global.js.map      137.46 KB
IIFE ⚡️ Build success in 23ms

> @fuel-ts/errors@0.69.1 postbuild /Users/sarah/Documents/GitHub/docs-hub/docs/fuels-ts/packages/errors
> tsx ../../scripts/postbuild.ts

