
> @fuel-ts/versions@0.69.1 prebuild /Users/sarah/Documents/GitHub/fuels-ts/packages/versions
> tsx ./scripts/rewriteVersions.ts


> @fuel-ts/versions@0.69.1 build /Users/sarah/Documents/GitHub/fuels-ts/packages/versions
> tsup

CLI Building entry: {"index":"src/index.ts","bin":"src/bin.ts","cli":"src/cli.ts"}
CLI Using tsconfig: tsconfig.json
CLI tsup v6.7.0
CLI Using tsup config: /Users/sarah/Documents/GitHub/fuels-ts/packages/versions/tsup.config.ts
CLI Target: es2022
CLI Cleaning output folder
CJS Build start
ESM Build start
IIFE Build start
ESM dist/index.mjs     1.01 KB
ESM dist/bin.mjs       4.10 KB
ESM dist/cli.mjs       4.17 KB
ESM dist/index.mjs.map 2.84 KB
ESM dist/bin.mjs.map   7.87 KB
ESM dist/cli.mjs.map   7.76 KB
ESM ⚡️ Build success in 19ms
CJS dist/index.js     2.77 KB
CJS dist/cli.js       6.23 KB
CJS dist/bin.js       5.53 KB
CJS dist/cli.js.map   7.86 KB
CJS dist/index.js.map 2.94 KB
CJS dist/bin.js.map   7.91 KB
CJS ⚡️ Build success in 19ms
IIFE dist/index.global.js     83.84 KB
IIFE dist/bin.global.js       164.63 KB
IIFE dist/cli.global.js       164.57 KB
IIFE dist/index.global.js.map 131.24 KB
IIFE dist/cli.global.js.map   262.79 KB
IIFE dist/bin.global.js.map   262.89 KB
IIFE ⚡️ Build success in 81ms

> @fuel-ts/versions@0.69.1 postbuild /Users/sarah/Documents/GitHub/fuels-ts/packages/versions
> tsx ../../scripts/postbuild.ts

