
> @fuel-ts/interfaces@0.69.1 build /Users/sarah/Documents/GitHub/fuels-ts/packages/interfaces
> tsup

CLI Building entry: {"index":"src/index.ts"}
CLI Using tsconfig: tsconfig.json
CLI tsup v6.7.0
CLI Using tsup config: /Users/sarah/Documents/GitHub/fuels-ts/packages/interfaces/tsup.config.ts
CLI Target: es2022
CLI Cleaning output folder
CJS Build start
ESM Build start
IIFE Build start
ESM dist/index.mjs     489.00 B
ESM dist/index.mjs.map 2.93 KB
ESM ⚡️ Build success in 11ms
IIFE dist/index.global.js     402.00 B
IIFE dist/index.global.js.map 2.96 KB
IIFE ⚡️ Build success in 12ms
CJS dist/index.js     1.73 KB
CJS dist/index.js.map 3.00 KB
CJS ⚡️ Build success in 12ms

> @fuel-ts/interfaces@0.69.1 postbuild /Users/sarah/Documents/GitHub/fuels-ts/packages/interfaces
> tsx ../../scripts/postbuild.ts

