
> @fuel-ts/transactions@0.69.1 build /Users/sarah/Documents/GitHub/fuels-ts/packages/transactions
> tsup

CLI Building entry: {"index":"src/index.ts","configs":"src/configs.ts"}
CLI Using tsconfig: tsconfig.json
CLI tsup v6.7.0
CLI Using tsup config: /Users/sarah/Documents/GitHub/fuels-ts/packages/transactions/tsup.config.ts
CLI Target: es2022
CLI Cleaning output folder
CJS Build start
ESM Build start
IIFE Build start
ESM dist/index.mjs       52.39 KB
ESM dist/configs.mjs     967.00 B
ESM dist/index.mjs.map   112.61 KB
ESM dist/configs.mjs.map 2.09 KB
ESM ⚡️ Build success in 38ms
CJS dist/index.js       60.99 KB
CJS dist/configs.js     2.60 KB
CJS dist/index.js.map   112.55 KB
CJS dist/configs.js.map 2.20 KB
CJS ⚡️ Build success in 40ms
IIFE dist/index.global.js       392.16 KB
IIFE dist/configs.global.js     689.00 B
IIFE dist/configs.global.js.map 2.10 KB
IIFE dist/index.global.js.map   777.28 KB
IIFE ⚡️ Build success in 69ms

> @fuel-ts/transactions@0.69.1 postbuild /Users/sarah/Documents/GitHub/fuels-ts/packages/transactions
> tsx ../../scripts/postbuild.ts

