
> @fuel-ts/mnemonic@0.69.1 build /Users/sarah/Documents/GitHub/fuels-ts/packages/mnemonic
> tsup

CLI Building entry: {"index":"src/index.ts"}
CLI Using tsconfig: tsconfig.json
CLI tsup v6.7.0
CLI Using tsup config: /Users/sarah/Documents/GitHub/fuels-ts/packages/mnemonic/tsup.config.ts
CLI Target: es2022
CLI Cleaning output folder
CJS Build start
ESM Build start
IIFE Build start
CJS dist/index.js     12.34 KB
CJS dist/index.js.map 18.54 KB
CJS ⚡️ Build success in 36ms
ESM dist/index.mjs     10.77 KB
ESM dist/index.mjs.map 18.53 KB
ESM ⚡️ Build success in 41ms
IIFE dist/index.global.js     169.98 KB
IIFE dist/index.global.js.map 323.75 KB
IIFE ⚡️ Build success in 132ms

> @fuel-ts/mnemonic@0.69.1 postbuild /Users/sarah/Documents/GitHub/fuels-ts/packages/mnemonic
> tsx ../../scripts/postbuild.ts

