
> fuels@0.69.1 build /Users/sarah/Documents/GitHub/fuels-ts/packages/fuels
> tsup

CLI Building entry: {"index":"src/index.ts","bin":"src/bin.ts","cli":"src/cli.ts"}
CLI Using tsconfig: tsconfig.json
CLI tsup v6.7.0
CLI Using tsup config: /Users/sarah/Documents/GitHub/fuels-ts/packages/fuels/tsup.config.ts
CLI Target: es2022
CLI Cleaning output folder
CJS Build start
ESM Build start
IIFE Build start
ESM dist/index.mjs     1.24 KB
ESM dist/bin.mjs       41.38 KB
ESM dist/cli.mjs       41.28 KB
ESM dist/index.mjs.map 4.60 KB
ESM dist/bin.mjs.map   72.57 KB
ESM dist/cli.mjs.map   72.19 KB
ESM ⚡️ Build success in 24ms
CJS dist/index.js     3.99 KB
CJS dist/cli.js       43.74 KB
CJS dist/bin.js       43.38 KB
CJS dist/index.js.map 4.82 KB
CJS dist/cli.js.map   72.08 KB
CJS dist/bin.js.map   72.42 KB
CJS ⚡️ Build success in 25ms
IIFE dist/fsevents-X6WP4TKM.node 159.79 KB
IIFE dist/index.global.js        2.17 MB
IIFE dist/bin.global.js          3.74 MB
IIFE dist/cli.global.js          3.74 MB
IIFE dist/index.global.js.map    3.93 MB
IIFE dist/bin.global.js.map      6.70 MB
IIFE dist/cli.global.js.map      6.70 MB
IIFE ⚡️ Build success in 462ms

> fuels@0.69.1 postbuild /Users/sarah/Documents/GitHub/fuels-ts/packages/fuels
> tsc --emitDeclarationOnly -p tsconfig.dts.json

