
> @fuel-ts/predicate@0.69.1 build /Users/sarah/Documents/GitHub/fuels-ts/packages/predicate
> tsup

CLI Building entry: {"index":"src/index.ts"}
CLI Using tsconfig: tsconfig.json
CLI tsup v6.7.0
CLI Using tsup config: /Users/sarah/Documents/GitHub/fuels-ts/packages/predicate/tsup.config.ts
CLI Target: es2022
CLI Cleaning output folder
CJS Build start
ESM Build start
IIFE Build start
CJS dist/index.js     8.64 KB
CJS dist/index.js.map 12.61 KB
CJS ⚡️ Build success in 50ms
ESM dist/index.mjs     7.37 KB
ESM dist/index.mjs.map 12.67 KB
ESM ⚡️ Build success in 52ms
IIFE dist/index.global.js     2.09 MB
IIFE dist/index.global.js.map 3.80 MB
IIFE ⚡️ Build success in 324ms

> @fuel-ts/predicate@0.69.1 postbuild /Users/sarah/Documents/GitHub/fuels-ts/packages/predicate
> tsx ../../scripts/postbuild.ts

