
> @fuel-ts/wallet-manager@0.69.1 build /Users/sarah/Documents/GitHub/fuels-ts/packages/wallet-manager
> tsup

CLI Building entry: {"index":"src/index.ts"}
CLI Using tsconfig: tsconfig.json
CLI tsup v6.7.0
CLI Using tsup config: /Users/sarah/Documents/GitHub/fuels-ts/packages/wallet-manager/tsup.config.ts
CLI Target: es2022
CLI Cleaning output folder
CJS Build start
ESM Build start
IIFE Build start
CJS dist/index.js     15.84 KB
CJS dist/index.js.map 24.47 KB
CJS ⚡️ Build success in 45ms
ESM dist/index.mjs     14.49 KB
ESM dist/index.mjs.map 24.50 KB
ESM ⚡️ Build success in 56ms
IIFE dist/index.global.js     2.09 MB
IIFE dist/index.global.js.map 3.79 MB
IIFE ⚡️ Build success in 328ms

> @fuel-ts/wallet-manager@0.69.1 postbuild /Users/sarah/Documents/GitHub/fuels-ts/packages/wallet-manager
> tsx ../../scripts/postbuild.ts

