
> @fuel-ts/program@0.69.1 build /Users/sarah/Documents/GitHub/fuels-ts/packages/program
> tsup

CLI Building entry: {"index":"src/index.ts","configs":"src/configs.ts"}
CLI Using tsconfig: tsconfig.json
CLI tsup v6.7.0
CLI Using tsup config: /Users/sarah/Documents/GitHub/fuels-ts/packages/program/tsup.config.ts
CLI Target: es2022
CLI Cleaning output folder
CJS Build start
ESM Build start
IIFE Build start
ESM dist/index.mjs       40.75 KB
ESM dist/configs.mjs     1.01 KB
ESM dist/configs.mjs.map 1.54 KB
ESM dist/index.mjs.map   80.67 KB
ESM ⚡️ Build success in 88ms
CJS dist/index.js       44.23 KB
CJS dist/configs.js     2.05 KB
CJS dist/index.js.map   80.93 KB
CJS dist/configs.js.map 1.59 KB
CJS ⚡️ Build success in 123ms
IIFE dist/configs.global.js     1.08 KB
IIFE dist/configs.global.js.map 1.55 KB
IIFE dist/index.global.js       1.78 MB
IIFE dist/index.global.js.map   3.31 MB
IIFE ⚡️ Build success in 286ms

> @fuel-ts/program@0.69.1 postbuild /Users/sarah/Documents/GitHub/fuels-ts/packages/program
> tsx ../../scripts/postbuild.ts

